[0.523s] Invoking command in '/home/nicoleibert/hyperdog_ws/build/hyperdog_teleop': AMENT_PREFIX_PATH=/home/nicoleibert/hyperdog_ws/install/hyperdog_msgs:${AMENT_PREFIX_PATH} CMAKE_PREFIX_PATH=/home/nicoleibert/hyperdog_ws/install/hyperdog_msgs:/opt/ros/iron LD_LIBRARY_PATH=/home/nicoleibert/hyperdog_ws/install/hyperdog_msgs/lib:${LD_LIBRARY_PATH} PYTHONPATH=/home/nicoleibert/hyperdog_ws/install/hyperdog_msgs/lib/python3.10/site-packages:${PYTHONPATH} /usr/bin/cmake --build /home/nicoleibert/hyperdog_ws/build/hyperdog_teleop -- -j16 -l16
[0.555s] -- Found ament_cmake: 2.0.3 (/opt/ros/iron/share/ament_cmake/cmake)
[0.752s] -- Found rclcpp: 21.0.3 (/opt/ros/iron/share/rclcpp/cmake)
[0.791s] -- Found rosidl_generator_c: 4.0.1 (/opt/ros/iron/share/rosidl_generator_c/cmake)
[0.800s] -- Found rosidl_generator_cpp: 4.0.1 (/opt/ros/iron/share/rosidl_generator_cpp/cmake)
[0.812s] -- Using all available rosidl_typesupport_c: rosidl_typesupport_fastrtps_c;rosidl_typesupport_introspection_c
[0.838s] -- Using all available rosidl_typesupport_cpp: rosidl_typesupport_fastrtps_cpp;rosidl_typesupport_introspection_cpp
[1.042s] -- Found rmw_implementation_cmake: 7.1.0 (/opt/ros/iron/share/rmw_implementation_cmake/cmake)
[1.044s] -- Found rmw_fastrtps_cpp: 7.1.1 (/opt/ros/iron/share/rmw_fastrtps_cpp/cmake)
[1.242s] -- Using RMW implementation 'rmw_fastrtps_cpp' as default
[1.457s] -- Found sensor_msgs: 5.0.0 (/opt/ros/iron/share/sensor_msgs/cmake)
[2.214s] -- Found hyperdog_msgs: 0.0.0 (/home/nicoleibert/hyperdog_ws/install/hyperdog_msgs/share/hyperdog_msgs/cmake)
[2.644s] -- Configuring done
[2.714s] -- Generating done
[2.721s] -- Build files have been written to: /home/nicoleibert/hyperdog_ws/build/hyperdog_teleop
[2.848s] [ 50%] [32mBuilding CXX object CMakeFiles/hyperdog_teleop_joy_node.dir/src/hyperdog_teleop_joy.cpp.o[0m
[3.504s] [01m[K/home/nicoleibert/hyperdog_ws/src/hyperdog_ros2/hyperdog_teleop/src/hyperdog_teleop_joy.cpp:28:10:[m[K [01;31m[Kfatal error: [m[Ktrajectory_msgs/msg/joint_trajectory.hpp: No such file or directory
[3.504s]    28 | #include [01;31m[K"trajectory_msgs/msg/joint_trajectory.hpp"[m[K
[3.504s]       |          [01;31m[K^~~~~~~~~~~~~~~~~~~~~~~~~~~~~~~~~~~~~~~~~~[m[K
[3.504s] compilation terminated.
[3.512s] gmake[2]: *** [CMakeFiles/hyperdog_teleop_joy_node.dir/build.make:76: CMakeFiles/hyperdog_teleop_joy_node.dir/src/hyperdog_teleop_joy.cpp.o] Error 1
[3.513s] gmake[1]: *** [CMakeFiles/Makefile2:137: CMakeFiles/hyperdog_teleop_joy_node.dir/all] Error 2
[3.514s] gmake: *** [Makefile:146: all] Error 2
[3.518s] Invoked command in '/home/nicoleibert/hyperdog_ws/build/hyperdog_teleop' returned '2': AMENT_PREFIX_PATH=/home/nicoleibert/hyperdog_ws/install/hyperdog_msgs:${AMENT_PREFIX_PATH} CMAKE_PREFIX_PATH=/home/nicoleibert/hyperdog_ws/install/hyperdog_msgs:/opt/ros/iron LD_LIBRARY_PATH=/home/nicoleibert/hyperdog_ws/install/hyperdog_msgs/lib:${LD_LIBRARY_PATH} PYTHONPATH=/home/nicoleibert/hyperdog_ws/install/hyperdog_msgs/lib/python3.10/site-packages:${PYTHONPATH} /usr/bin/cmake --build /home/nicoleibert/hyperdog_ws/build/hyperdog_teleop -- -j16 -l16
